2019-09-18 16:53:57,616 [Worker-2: Loading available Gradle versions] INFO  o.e.b.c.i.u.g.PublishedGradleVersions - Gradle version information cache is out-of-date. Trying to update.
2019-09-18 16:56:25,064 [Worker-8: Creating maven-archetype-webapp] INFO  o.e.m.c.i.p.ProjectConfigurationManager - Collecting project info '/pom.xml' E:\Java Project 11AM\Git\HimalayaBookApp\pom.xml
2019-09-18 16:56:34,788 [Worker-8: Creating maven-archetype-webapp] INFO  o.e.m.c.i.l.LifecycleMappingFactory - Using org.maven.ide.eclipse.wtp.WarLifecycleMapping lifecycle mapping for MavenProject: nit:HimalayaBookApp:0.0.1-SNAPSHOT @ E:\Java Project 11AM\Git\HimalayaBookApp\pom.xml.
2019-09-18 16:56:40,240 [Worker-8: Creating maven-archetype-webapp] INFO  o.e.m.j.i.AbstractJavaProjectConfigurator - Adding source folder /HimalayaBookApp/src/main/java
2019-09-18 16:56:40,240 [Worker-8: Creating maven-archetype-webapp] INFO  o.e.m.j.i.AbstractJavaProjectConfigurator - Adding resource folder /HimalayaBookApp/src/main/resources
2019-09-18 16:56:40,240 [Worker-8: Creating maven-archetype-webapp] INFO  o.e.m.j.i.AbstractJavaProjectConfigurator - Adding source folder /HimalayaBookApp/src/test/java
2019-09-18 16:56:46,296 [Worker-8: Creating maven-archetype-webapp] INFO  o.e.m.c.i.p.ProjectConfigurationManager - Imported and configured 1 project(s) in 21 sec
2019-09-18 16:56:56,689 [Worker-8: Building workspace] WARN  o.e.m.c.i.embedder.EclipseLogger - Using platform encoding (Cp1252 actually) to copy filtered resources, i.e. build is platform dependent!
2019-09-18 16:56:56,717 [Worker-8: Building workspace] INFO  o.e.m.c.i.embedder.EclipseLogger - Copying 0 resource
2019-09-18 16:56:56,718 [Worker-8: Building workspace] WARN  o.e.m.c.i.embedder.EclipseLogger - Using platform encoding (Cp1252 actually) to copy filtered resources, i.e. build is platform dependent!
2019-09-18 16:56:56,725 [Worker-8: Building workspace] INFO  o.e.m.c.i.embedder.EclipseLogger - skip non existing resourceDirectory E:\Java Project 11AM\Git\HimalayaBookApp\src\test\resources
2019-09-18 16:57:55,837 [Worker-3: Building workspace] INFO  o.e.m.c.i.l.LifecycleMappingFactory - Using org.maven.ide.eclipse.wtp.WarLifecycleMapping lifecycle mapping for MavenProject: nit:HimalayaBookApp:0.0.1-SNAPSHOT @ E:\Java Project 11AM\Git\HimalayaBookApp\pom.xml.
2019-09-18 16:57:56,739 [Worker-3: Building workspace] WARN  o.e.m.c.i.embedder.EclipseLogger - Using platform encoding (Cp1252 actually) to copy filtered resources, i.e. build is platform dependent!
2019-09-18 16:57:56,753 [Worker-3: Building workspace] INFO  o.e.m.c.i.embedder.EclipseLogger - Copying 0 resource
2019-09-18 16:57:56,755 [Worker-3: Building workspace] WARN  o.e.m.c.i.embedder.EclipseLogger - Using platform encoding (Cp1252 actually) to copy filtered resources, i.e. build is platform dependent!
2019-09-18 16:57:56,757 [Worker-3: Building workspace] INFO  o.e.m.c.i.embedder.EclipseLogger - skip non existing resourceDirectory E:\Java Project 11AM\Git\HimalayaBookApp\src\test\resources
2019-09-18 16:57:56,757 [Worker-3: Building workspace] INFO  o.e.m.w.i.f.ResourceFilteringBuildParticipant - Changed resources require a complete clean of filtered resources of HimalayaBookApp
2019-09-18 16:57:56,757 [Worker-3: Building workspace] INFO  o.e.m.w.i.f.ResourceFilteringBuildParticipant - Executing resource filtering for HimalayaBookApp
2019-09-18 16:57:56,771 [Worker-3: Building workspace] WARN  o.e.m.c.i.embedder.EclipseLogger - Using platform encoding (Cp1252 actually) to copy filtered resources, i.e. build is platform dependent!
2019-09-18 16:57:57,114 [Worker-9: Building workspace] WARN  o.e.m.c.i.embedder.EclipseLogger - Using platform encoding (Cp1252 actually) to copy filtered resources, i.e. build is platform dependent!
2019-09-18 16:57:57,121 [Worker-9: Building workspace] INFO  o.e.m.c.i.embedder.EclipseLogger - Copying 0 resource
2019-09-18 16:57:57,122 [Worker-9: Building workspace] WARN  o.e.m.c.i.embedder.EclipseLogger - Using platform encoding (Cp1252 actually) to copy filtered resources, i.e. build is platform dependent!
2019-09-18 16:57:57,130 [Worker-9: Building workspace] INFO  o.e.m.c.i.embedder.EclipseLogger - skip non existing resourceDirectory E:\Java Project 11AM\Git\HimalayaBookApp\src\test\resources
2019-09-18 17:01:17,100 [Worker-10: Creating maven-archetype-webapp] INFO  o.e.m.c.i.p.ProjectConfigurationManager - Collecting project info '/pom.xml' E:\Java Project 11AM\Git\HimalayaBookApp\pom.xml
2019-09-18 17:01:17,707 [Worker-10: Creating maven-archetype-webapp] INFO  o.e.m.c.i.l.LifecycleMappingFactory - Using org.maven.ide.eclipse.wtp.WarLifecycleMapping lifecycle mapping for MavenProject: nit:HimalayaBookApp:0.0.1-SNAPSHOT @ E:\Java Project 11AM\Git\HimalayaBookApp\pom.xml.
2019-09-18 17:01:18,518 [Worker-10: Creating maven-archetype-webapp] INFO  o.e.m.j.i.AbstractJavaProjectConfigurator - Adding source folder /HimalayaBookApp/src/main/java
2019-09-18 17:01:18,518 [Worker-10: Creating maven-archetype-webapp] INFO  o.e.m.j.i.AbstractJavaProjectConfigurator - Adding resource folder /HimalayaBookApp/src/main/resources
2019-09-18 17:01:18,518 [Worker-10: Creating maven-archetype-webapp] INFO  o.e.m.j.i.AbstractJavaProjectConfigurator - Adding source folder /HimalayaBookApp/src/test/java
2019-09-18 17:01:21,538 [Worker-10: Creating maven-archetype-webapp] INFO  o.e.m.c.i.p.ProjectConfigurationManager - Imported and configured 1 project(s) in 4 sec
2019-09-18 17:01:22,183 [Worker-12: Building workspace] WARN  o.e.m.c.i.embedder.EclipseLogger - Using platform encoding (Cp1252 actually) to copy filtered resources, i.e. build is platform dependent!
2019-09-18 17:01:22,190 [Worker-12: Building workspace] INFO  o.e.m.c.i.embedder.EclipseLogger - Copying 0 resource
2019-09-18 17:01:22,194 [Worker-12: Building workspace] WARN  o.e.m.c.i.embedder.EclipseLogger - Using platform encoding (Cp1252 actually) to copy filtered resources, i.e. build is platform dependent!
2019-09-18 17:01:22,197 [Worker-12: Building workspace] INFO  o.e.m.c.i.embedder.EclipseLogger - skip non existing resourceDirectory E:\Java Project 11AM\Git\HimalayaBookApp\src\test\resources
2019-09-18 17:01:37,295 [Worker-8: Building workspace] INFO  o.e.m.c.i.l.LifecycleMappingFactory - Using org.maven.ide.eclipse.wtp.WarLifecycleMapping lifecycle mapping for MavenProject: nit:HimalayaBookApp:0.0.1-SNAPSHOT @ E:\Java Project 11AM\Git\HimalayaBookApp\pom.xml.
2019-09-18 17:01:37,808 [Worker-8: Building workspace] WARN  o.e.m.c.i.embedder.EclipseLogger - Using platform encoding (Cp1252 actually) to copy filtered resources, i.e. build is platform dependent!
2019-09-18 17:01:37,812 [Worker-8: Building workspace] INFO  o.e.m.c.i.embedder.EclipseLogger - Copying 0 resource
2019-09-18 17:01:37,815 [Worker-8: Building workspace] WARN  o.e.m.c.i.embedder.EclipseLogger - Using platform encoding (Cp1252 actually) to copy filtered resources, i.e. build is platform dependent!
2019-09-18 17:01:37,821 [Worker-8: Building workspace] INFO  o.e.m.c.i.embedder.EclipseLogger - skip non existing resourceDirectory E:\Java Project 11AM\Git\HimalayaBookApp\src\test\resources
2019-09-18 17:01:37,822 [Worker-8: Building workspace] INFO  o.e.m.w.i.f.ResourceFilteringBuildParticipant - Changed resources require a complete clean of filtered resources of HimalayaBookApp
2019-09-18 17:01:37,822 [Worker-8: Building workspace] INFO  o.e.m.w.i.f.ResourceFilteringBuildParticipant - Executing resource filtering for HimalayaBookApp
2019-09-18 17:01:37,825 [Worker-8: Building workspace] WARN  o.e.m.c.i.embedder.EclipseLogger - Using platform encoding (Cp1252 actually) to copy filtered resources, i.e. build is platform dependent!
2019-09-18 17:01:38,957 [Worker-4: Building workspace] WARN  o.e.m.c.i.embedder.EclipseLogger - Using platform encoding (Cp1252 actually) to copy filtered resources, i.e. build is platform dependent!
2019-09-18 17:01:38,968 [Worker-4: Building workspace] INFO  o.e.m.c.i.embedder.EclipseLogger - Copying 0 resource
2019-09-18 17:01:38,971 [Worker-4: Building workspace] WARN  o.e.m.c.i.embedder.EclipseLogger - Using platform encoding (Cp1252 actually) to copy filtered resources, i.e. build is platform dependent!
2019-09-18 17:01:38,980 [Worker-4: Building workspace] INFO  o.e.m.c.i.embedder.EclipseLogger - skip non existing resourceDirectory E:\Java Project 11AM\Git\HimalayaBookApp\src\test\resources
2019-09-18 17:31:57,302 [Worker-21: Creating maven-archetype-webapp] INFO  o.e.m.c.i.p.ProjectConfigurationManager - Collecting project info '/pom.xml' E:\Java Project 11AM\Git\BookApp\pom.xml
2019-09-18 17:31:57,539 [Worker-21: Creating maven-archetype-webapp] INFO  o.e.m.c.i.l.LifecycleMappingFactory - Using org.maven.ide.eclipse.wtp.WarLifecycleMapping lifecycle mapping for MavenProject: nit:BookApp:0.0.1-SNAPSHOT @ E:\Java Project 11AM\Git\BookApp\pom.xml.
2019-09-18 17:31:57,776 [Worker-21: Creating maven-archetype-webapp] INFO  o.e.m.j.i.AbstractJavaProjectConfigurator - Adding source folder /BookApp/src/main/java
2019-09-18 17:31:57,776 [Worker-21: Creating maven-archetype-webapp] INFO  o.e.m.j.i.AbstractJavaProjectConfigurator - Adding resource folder /BookApp/src/main/resources
2019-09-18 17:31:57,776 [Worker-21: Creating maven-archetype-webapp] INFO  o.e.m.j.i.AbstractJavaProjectConfigurator - Adding source folder /BookApp/src/test/java
2019-09-18 17:32:02,241 [Worker-21: Creating maven-archetype-webapp] INFO  o.e.m.c.i.p.ProjectConfigurationManager - Imported and configured 1 project(s) in 4 sec
2019-09-18 17:32:02,569 [Worker-21: Building workspace] WARN  o.e.m.c.i.embedder.EclipseLogger - Using platform encoding (Cp1252 actually) to copy filtered resources, i.e. build is platform dependent!
2019-09-18 17:32:02,577 [Worker-21: Building workspace] INFO  o.e.m.c.i.embedder.EclipseLogger - Copying 0 resource
2019-09-18 17:32:02,581 [Worker-21: Building workspace] WARN  o.e.m.c.i.embedder.EclipseLogger - Using platform encoding (Cp1252 actually) to copy filtered resources, i.e. build is platform dependent!
2019-09-18 17:32:02,586 [Worker-21: Building workspace] INFO  o.e.m.c.i.embedder.EclipseLogger - skip non existing resourceDirectory E:\Java Project 11AM\Git\BookApp\src\test\resources
